[09/23/16 23:06:16] [ERROR] mysql_connect_file: handle error: syntax error in connection file (line: "password = ")
[09/23/16 23:06:16] [ERROR] mysql_tquery: invalid connection handle '0'
[09/23/16 23:06:16] [ERROR] mysql_tquery: invalid connection handle '0'
[09/23/16 23:06:16] [ERROR] mysql_tquery: invalid connection handle '0'
[09/23/16 23:06:16] [ERROR] mysql_tquery: invalid connection handle '0'
[09/23/16 23:06:16] [ERROR] mysql_tquery: invalid connection handle '0'
[09/23/16 23:06:16] [ERROR] mysql_tquery: invalid connection handle '0'
[09/23/16 23:06:16] [ERROR] mysql_tquery: invalid connection handle '0'
[09/23/16 23:06:16] [ERROR] cache_get_row_count: no active cache
[09/23/16 23:06:16] [ERROR] mysql_close: invalid connection handle '0'
[09/23/16 23:08:14] [ERROR] mysql_connect_file: handle error: syntax error in connection file (line: "password =  ")
[09/23/16 23:08:14] [ERROR] mysql_tquery: invalid connection handle '0'
[09/23/16 23:08:14] [ERROR] mysql_tquery: invalid connection handle '0'
[09/23/16 23:08:14] [ERROR] mysql_tquery: invalid connection handle '0'
[09/23/16 23:08:14] [ERROR] mysql_tquery: invalid connection handle '0'
[09/23/16 23:08:14] [ERROR] mysql_tquery: invalid connection handle '0'
[09/23/16 23:08:14] [ERROR] mysql_tquery: invalid connection handle '0'
[09/23/16 23:08:14] [ERROR] mysql_tquery: invalid connection handle '0'
[09/23/16 23:08:14] [ERROR] cache_get_row_count: no active cache
[09/23/16 23:08:14] [ERROR] mysql_close: invalid connection handle '0'
[09/23/16 23:08:19] [ERROR] mysql_connect_file: handle error: syntax error in connection file (line: "password =  ")
[09/23/16 23:08:19] [ERROR] mysql_tquery: invalid connection handle '0'
[09/23/16 23:08:19] [ERROR] mysql_tquery: invalid connection handle '0'
[09/23/16 23:08:19] [ERROR] mysql_tquery: invalid connection handle '0'
[09/23/16 23:08:19] [ERROR] mysql_tquery: invalid connection handle '0'
[09/23/16 23:08:19] [ERROR] mysql_tquery: invalid connection handle '0'
[09/23/16 23:08:19] [ERROR] mysql_tquery: invalid connection handle '0'
[09/23/16 23:08:19] [ERROR] mysql_tquery: invalid connection handle '0'
[09/23/16 23:08:19] [ERROR] cache_get_row_count: no active cache
[09/23/16 23:08:19] [ERROR] mysql_close: invalid connection handle '0'
[09/23/16 23:15:08] [ERROR] cache_get_row_count: no active cache
[09/23/16 23:19:05] [ERROR] cache_get_row_count: no active cache
[09/23/16 23:19:30] [ERROR] cache_get_row_count: no active cache
[09/23/16 23:19:48] [ERROR] cache_get_row_count: no active cache
[09/23/16 23:25:47] [ERROR] cache_get_row_count: no active cache
[09/23/16 23:25:47] [ERROR] cache_get_row_count: no active cache
[09/23/16 23:25:49] [ERROR] cache_get_value_name: no active cache
[09/23/16 23:25:49] [ERROR] cache_get_value_name: no active cache
[09/23/16 23:25:49] [ERROR] cache_get_value_name: no active cache
[09/23/16 23:25:49] [ERROR] cache_get_value_name: no active cache
[09/23/16 23:25:49] [ERROR] cache_get_value_name: no active cache
[09/23/16 23:25:49] [ERROR] cache_get_value_name: no active cache
[09/23/16 23:25:49] [ERROR] cache_get_value_name: no active cache
[09/23/16 23:25:49] [ERROR] cache_get_value_name: no active cache
[09/23/16 23:25:49] [ERROR] cache_get_value_name: no active cache
[09/23/16 23:25:49] [ERROR] cache_get_value_name: no active cache
[09/23/16 23:25:49] [ERROR] cache_get_value_name: no active cache
[09/23/16 23:25:49] [ERROR] cache_get_value_name: no active cache
[09/23/16 23:25:49] [ERROR] cache_get_value_name: no active cache
[09/23/16 23:25:49] [ERROR] cache_get_value_name: no active cache
[09/23/16 23:25:49] [ERROR] cache_get_value_name: no active cache
[09/23/16 23:25:49] [ERROR] cache_get_row_count: no active cache
[09/23/16 23:27:13] [ERROR] cache_get_row_count: no active cache
[09/23/16 23:27:54] [ERROR] cache_get_row_count: no active cache
[09/23/16 23:27:56] [ERROR] cache_get_value_name: no active cache
[09/23/16 23:27:56] [ERROR] cache_get_value_name: no active cache
[09/23/16 23:27:56] [ERROR] cache_get_value_name: no active cache
[09/23/16 23:27:56] [ERROR] cache_get_value_name: no active cache
[09/23/16 23:27:56] [ERROR] cache_get_value_name: no active cache
[09/23/16 23:27:56] [ERROR] cache_get_value_name: no active cache
[09/23/16 23:27:56] [ERROR] cache_get_value_name: no active cache
[09/23/16 23:27:56] [ERROR] cache_get_value_name: no active cache
[09/23/16 23:27:56] [ERROR] cache_get_value_name: no active cache
[09/23/16 23:27:56] [ERROR] cache_get_value_name: no active cache
[09/23/16 23:27:56] [ERROR] cache_get_value_name: no active cache
[09/23/16 23:27:56] [ERROR] cache_get_value_name: no active cache
[09/23/16 23:27:56] [ERROR] cache_get_value_name: no active cache
[09/23/16 23:27:56] [ERROR] cache_get_value_name: no active cache
[09/23/16 23:27:56] [ERROR] cache_get_value_name: no active cache
[09/23/16 23:27:56] [ERROR] cache_get_row_count: no active cache
[09/23/16 23:34:38] [ERROR] cache_get_row_count: no active cache
[09/23/16 23:34:38] [ERROR] cache_get_row_count: no active cache
[09/23/16 23:34:40] [ERROR] cache_get_value_name_int: no active cache
[09/23/16 23:34:40] [ERROR] cache_get_value_name: no active cache
[09/23/16 23:34:40] [ERROR] cache_get_value_name_int: no active cache
[09/23/16 23:34:40] [ERROR] cache_get_value_name_int: no active cache
[09/23/16 23:34:40] [ERROR] cache_get_value_name_int: no active cache
[09/23/16 23:34:40] [ERROR] cache_get_value_name_int: no active cache
[09/23/16 23:34:40] [ERROR] cache_get_value_name: no active cache
[09/23/16 23:34:40] [ERROR] cache_get_value_name_int: no active cache
[09/23/16 23:34:40] [ERROR] cache_get_value_name_int: no active cache
[09/23/16 23:34:40] [ERROR] cache_get_value_name_int: no active cache
[09/23/16 23:34:40] [ERROR] cache_get_value_name: no active cache
[09/23/16 23:34:40] [ERROR] cache_get_value_name_int: no active cache
[09/23/16 23:34:40] [ERROR] cache_get_value_name_int: no active cache
[09/23/16 23:34:40] [ERROR] cache_get_value_name_int: no active cache
[09/23/16 23:34:40] [ERROR] cache_get_value_name_int: no active cache
[09/23/16 23:34:40] [ERROR] cache_get_row_count: no active cache
[09/23/16 23:37:50] [ERROR] cache_get_row_count: no active cache
[09/23/16 23:37:50] [ERROR] cache_get_row_count: no active cache
[09/23/16 23:37:52] [ERROR] cache_get_value_name_int: no active cache
[09/23/16 23:37:52] [ERROR] cache_get_value_name: no active cache
[09/23/16 23:37:52] [ERROR] cache_get_value_name_int: no active cache
[09/23/16 23:37:52] [ERROR] cache_get_value_name_int: no active cache
[09/23/16 23:37:52] [ERROR] cache_get_value_name_int: no active cache
[09/23/16 23:37:52] [ERROR] cache_get_value_name_int: no active cache
[09/23/16 23:37:52] [ERROR] cache_get_value_name: no active cache
[09/23/16 23:37:52] [ERROR] cache_get_value_name_int: no active cache
[09/23/16 23:37:52] [ERROR] cache_get_value_name_int: no active cache
[09/23/16 23:37:52] [ERROR] cache_get_value_name_int: no active cache
[09/23/16 23:37:52] [ERROR] cache_get_value_name: no active cache
[09/23/16 23:37:52] [ERROR] cache_get_value_name_int: no active cache
[09/23/16 23:37:52] [ERROR] cache_get_value_name_int: no active cache
[09/23/16 23:37:52] [ERROR] cache_get_value_name_int: no active cache
[09/23/16 23:37:52] [ERROR] cache_get_value_name_int: no active cache
[09/23/16 23:37:52] [ERROR] cache_get_row_count: no active cache
[09/23/16 23:42:48] [ERROR] cache_get_row_count: no active cache
[09/23/16 23:42:48] [ERROR] cache_get_row_count: no active cache
[09/23/16 23:42:50] [ERROR] cache_get_value_name_int: no active cache
[09/23/16 23:42:50] [ERROR] cache_get_value_name: no active cache
[09/23/16 23:42:50] [ERROR] cache_get_value_name_int: no active cache
[09/23/16 23:42:50] [ERROR] cache_get_value_name_int: no active cache
[09/23/16 23:42:50] [ERROR] cache_get_value_name_int: no active cache
[09/23/16 23:42:50] [ERROR] cache_get_value_name_int: no active cache
[09/23/16 23:42:50] [ERROR] cache_get_value_name: no active cache
[09/23/16 23:42:50] [ERROR] cache_get_value_name_int: no active cache
[09/23/16 23:42:50] [ERROR] cache_get_value_name_int: no active cache
[09/23/16 23:42:50] [ERROR] cache_get_value_name_int: no active cache
[09/23/16 23:42:50] [ERROR] cache_get_value_name: no active cache
[09/23/16 23:42:50] [ERROR] cache_get_value_name_int: no active cache
[09/23/16 23:42:50] [ERROR] cache_get_value_name_int: no active cache
[09/23/16 23:42:50] [ERROR] cache_get_value_name_int: no active cache
[09/23/16 23:42:50] [ERROR] cache_get_value_name_int: no active cache
[09/23/16 23:42:50] [ERROR] cache_get_row_count: no active cache
[09/23/16 23:44:34] [ERROR] cache_get_row_count: no active cache
[09/23/16 23:44:36] [ERROR] cache_get_value_name_int: no active cache
[09/23/16 23:44:36] [ERROR] cache_get_value_name: no active cache
[09/23/16 23:44:36] [ERROR] cache_get_value_name_int: no active cache
[09/23/16 23:44:36] [ERROR] cache_get_value_name_int: no active cache
[09/23/16 23:44:36] [ERROR] cache_get_value_name_int: no active cache
[09/23/16 23:44:36] [ERROR] cache_get_value_name_int: no active cache
[09/23/16 23:44:36] [ERROR] cache_get_value_name: no active cache
[09/23/16 23:44:36] [ERROR] cache_get_value_name_int: no active cache
[09/23/16 23:44:36] [ERROR] cache_get_value_name_int: no active cache
[09/23/16 23:44:36] [ERROR] cache_get_value_name_int: no active cache
[09/23/16 23:44:36] [ERROR] cache_get_value_name: no active cache
[09/23/16 23:44:36] [ERROR] cache_get_value_name_int: no active cache
[09/23/16 23:44:36] [ERROR] cache_get_value_name_int: no active cache
[09/23/16 23:44:36] [ERROR] cache_get_value_name_int: no active cache
[09/23/16 23:44:36] [ERROR] cache_get_value_name_int: no active cache
[09/23/16 23:44:36] [ERROR] cache_get_row_count: no active cache
[09/23/16 23:49:10] [ERROR] cache_get_row_count: no active cache
[09/23/16 23:49:12] [ERROR] cache_get_value_name_int: field 'pLatchKey' not found
[09/23/16 23:49:12] [ERROR] cache_get_value_name_int: field 'weaponid' not found
[09/23/16 23:49:12] [ERROR] cache_get_value_name_int: field 'ammo' not found
[09/23/16 23:50:37] [ERROR] cache_get_row_count: no active cache
[09/23/16 23:50:39] [ERROR] cache_get_value_name_int: field 'pLatchKey' not found
[09/23/16 23:50:39] [ERROR] cache_get_value_name_int: field 'weaponid' not found
[09/23/16 23:50:39] [ERROR] cache_get_value_name_int: field 'ammo' not found
[09/23/16 23:52:56] [ERROR] cache_get_row_count: no active cache
[09/23/16 23:53:07] [ERROR] cache_get_value_name_int: field 'pLatchKey' not found
[09/23/16 23:53:07] [ERROR] cache_get_value_name_int: field 'weaponid' not found
[09/23/16 23:53:07] [ERROR] cache_get_value_name_int: field 'ammo' not found
[09/23/16 23:54:45] [ERROR] cache_get_row_count: no active cache
[09/23/16 23:54:47] [ERROR] cache_get_value_name_int: field 'pLatchKey' not found
[09/23/16 23:54:47] [ERROR] cache_get_value_name_int: field 'weaponid' not found
[09/23/16 23:54:47] [ERROR] cache_get_value_name_int: field 'ammo' not found
[09/23/16 23:56:33] [ERROR] cache_get_row_count: no active cache
[09/23/16 23:56:34] [ERROR] cache_get_value_name_int: field 'pLatchKey' not found
[09/23/16 23:56:34] [ERROR] cache_get_value_name_int: field 'weaponid' not found
[09/23/16 23:56:34] [ERROR] cache_get_value_name_int: field 'ammo' not found
[09/24/16 01:02:26] [ERROR] cache_get_row_count: no active cache
[09/24/16 01:03:04] [ERROR] cache_get_value_name_int: field 'pLatchKey' not found
[09/24/16 01:04:50] [ERROR] cache_get_row_count: no active cache
[09/24/16 01:04:51] [ERROR] cache_get_value_name_int: field 'pLatchKey' not found
[09/24/16 01:04:51] [ERROR] cache_get_value_name_int: invalid row index '5' (number of rows: '5')
[09/24/16 01:04:51] [ERROR] cache_get_value_name_int: invalid row index '5' (number of rows: '5')
[09/24/16 01:06:01] [ERROR] cache_get_row_count: no active cache
[09/24/16 01:06:02] [ERROR] cache_get_value_name_int: field 'pLatchKey' not found
[09/24/16 01:10:52] [ERROR] cache_get_value_name_int: field 'pLatchKey' not found
[09/24/16 01:16:52] [ERROR] cache_get_value_name_int: field 'pLatchKey' not found
[09/24/16 01:38:44] [ERROR] cache_insert_id: no active cache
[09/24/16 01:38:44] [ERROR] cache_insert_id: no active cache
[09/24/16 01:39:21] [ERROR] cache_get_row_count: no active cache
[09/24/16 01:39:27] [ERROR] cache_get_row_count: no active cache
[09/24/16 01:45:17] [ERROR] cache_get_value_name_int: field 'pLatchKey' not found
[09/24/16 01:47:03] [ERROR] cache_get_value_name_int: field 'pLatchKey' not found
[09/24/16 01:50:24] [ERROR] cache_get_value_name_int: field 'pLatchKey' not found
[09/24/16 01:50:54] [ERROR] cache_get_value_name_int: field 'pLatchKey' not found
[09/24/16 01:52:15] [ERROR] cache_get_value_name_int: field 'pLatchKey' not found
[09/24/16 01:52:43] [ERROR] cache_get_value_name_int: field 'pLatchKey' not found
[09/24/16 01:54:00] [ERROR] cache_get_value_name_int: field 'pLatchKey' not found
[09/24/16 01:55:55] [ERROR] cache_get_value_name_int: field 'pLatchKey' not found
[09/24/16 01:56:36] [ERROR] cache_get_value_name_int: field 'pLatchKey' not found
[09/24/16 02:03:04] [ERROR] cache_get_value_name_int: field 'pLatchKey' not found
[09/24/16 02:03:53] [ERROR] cache_get_value_name_int: field 'pLatchKey' not found
[09/24/16 02:05:32] [ERROR] cache_get_value_name_int: field 'pLatchKey' not found
[09/24/16 02:06:02] [ERROR] cache_get_value_name_int: field 'pLatchKey' not found
[09/24/16 02:07:30] [ERROR] cache_get_value_name_int: field 'pLatchKey' not found
[09/24/16 02:09:18] [ERROR] cache_get_value_name_int: field 'pLatchKey' not found
[09/24/16 02:13:51] [ERROR] cache_get_value_name_int: field 'pLatchKey' not found
[09/24/16 02:25:29] [ERROR] cache_get_value_name_int: field 'pLatchKey' not found
[09/24/16 02:31:35] [ERROR] cache_get_value_name_int: field 'pLatchKey' not found
[09/24/16 02:33:19] [ERROR] cache_get_value_name_int: invalid row index '1' (number of rows: '1')
[09/24/16 02:33:19] [ERROR] cache_get_value_name_int: invalid row index '1' (number of rows: '1')
[09/24/16 02:33:19] [ERROR] cache_get_value_name_float: invalid row index '1' (number of rows: '1')
[09/24/16 02:33:19] [ERROR] cache_get_value_name_float: invalid row index '1' (number of rows: '1')
[09/24/16 02:33:19] [ERROR] cache_get_value_name_float: invalid row index '1' (number of rows: '1')
[09/24/16 02:33:19] [ERROR] cache_get_value_name_float: invalid row index '1' (number of rows: '1')
[09/24/16 02:33:19] [ERROR] cache_get_value_name_float: invalid row index '1' (number of rows: '1')
[09/24/16 02:33:19] [ERROR] cache_get_value_name_int: invalid row index '1' (number of rows: '1')
[09/24/16 02:33:19] [ERROR] cache_get_value_name_int: invalid row index '1' (number of rows: '1')
[09/24/16 02:33:19] [ERROR] cache_get_value_name_int: invalid row index '1' (number of rows: '1')
[09/24/16 02:33:19] [ERROR] cache_get_value_name: invalid row index '1' (number of rows: '1')
[09/24/16 02:36:11] [ERROR] cache_get_value_name_int: field 'pLatchKey' not found
[09/24/16 02:38:12] [ERROR] cache_get_value_name_int: field 'pLatchKey' not found
[09/24/16 02:42:55] [ERROR] cache_get_value_name_int: field 'pLatchKey' not found
[09/24/16 02:44:32] [ERROR] cache_get_value_name_int: field 'pLatchKey' not found
[09/24/16 02:45:13] [ERROR] cache_get_value_name_int: field 'pLatchKey' not found
[09/24/16 02:45:57] [ERROR] cache_get_value_name_int: field 'pLatchKey' not found
[09/24/16 02:47:53] [ERROR] cache_get_value_name_int: field 'pLatchKey' not found
[09/24/16 02:48:37] [ERROR] cache_get_value_name_int: field 'pLatchKey' not found
[09/24/16 13:09:13] [ERROR] cache_get_value_name_int: field 'pLatchKey' not found
[09/24/16 13:12:58] [ERROR] cache_get_value_name_int: field 'pLatchKey' not found
[09/24/16 13:19:32] [ERROR] cache_get_value_name_int: field 'pLatchKey' not found
[09/24/16 13:21:16] [ERROR] cache_get_value_name_int: field 'pLatchKey' not found
[09/24/16 13:21:58] [ERROR] cache_get_value_name_int: field 'pLatchKey' not found
[09/24/16 13:25:08] [ERROR] cache_get_value_name_int: field 'pLatchKey' not found
[09/24/16 14:29:29] [ERROR] cache_get_value_name_int: field 'pLatchKey' not found
[09/24/16 14:36:23] [ERROR] cache_get_value_name_int: field 'pLatchKey' not found
[09/24/16 14:41:54] [ERROR] cache_get_value_name_int: field 'pLatchKey' not found
[09/24/16 14:43:13] [ERROR] cache_get_value_name_int: field 'pLatchKey' not found
[09/24/16 14:45:11] [ERROR] cache_get_value_name_int: field 'pLatchKey' not found
[09/24/16 14:56:00] [ERROR] cache_get_value_name_int: field 'pLatchKey' not found
[09/24/16 14:58:24] [ERROR] cache_get_value_name_int: field 'pLatchKey' not found
[09/24/16 15:00:06] [ERROR] cache_get_value_name_int: field 'pLatchKey' not found
[09/24/16 15:27:54] [ERROR] cache_get_value_name_int: field 'pLatchKey' not found (D:\Сервер\city_stories\gamemodes\city_stories.pwn:3497)
[09/24/16 15:35:37] [ERROR] cache_get_value_name_int: field 'pLatchKey' not found (D:\Сервер\city_stories\gamemodes\city_stories.pwn:3497)
[09/24/16 19:36:55] [ERROR] cache_get_value_name_int: field 'pLatchKey' not found
[09/24/16 19:50:10] [ERROR] cache_get_value_name_int: field 'pLatchKey' not found
[09/26/16 23:34:51] [ERROR] cache_get_value_name_int: field 'pLatchKey' not found
[09/26/16 23:35:32] [ERROR] cache_get_value_name_int: field 'pLatchKey' not found
[09/26/16 23:37:37] [ERROR] cache_get_value_name_int: field 'pLatchKey' not found
[09/26/16 23:52:04] [ERROR] cache_get_value_name_int: field 'pLatchKey' not found
[09/26/16 23:53:46] [ERROR] cache_get_value_name_int: field 'pLatchKey' not found
[09/26/16 23:59:21] [ERROR] cache_get_value_name_int: field 'pLatchKey' not found
[09/27/16 00:51:32] [ERROR] cache_get_value_name_int: field 'pLatchKey' not found
[09/27/16 00:57:25] [ERROR] cache_get_value_name_int: field 'pLatchKey' not found
[09/27/16 01:07:40] [ERROR] cache_get_value_name_int: field 'pLatchKey' not found
[09/27/16 01:08:34] [ERROR] cache_get_value_name_int: field 'pLatchKey' not found
[09/27/16 01:09:54] [ERROR] cache_get_value_name_int: field 'pLatchKey' not found
[09/27/16 01:10:56] [ERROR] cache_get_value_name_int: field 'pLatchKey' not found
[09/27/16 01:15:11] [ERROR] cache_get_value_name_int: field 'pLatchKey' not found
[09/27/16 01:16:06] [ERROR] cache_get_value_name_int: field 'pLatchKey' not found
[09/27/16 01:17:37] [ERROR] cache_get_value_name_int: field 'pLatchKey' not found
[09/27/16 01:20:12] [ERROR] cache_get_value_name_int: field 'pLatchKey' not found
[09/27/16 01:21:00] [ERROR] cache_get_value_name_int: field 'pLatchKey' not found
[09/27/16 01:22:14] [ERROR] cache_get_value_name_int: field 'pLatchKey' not found
[09/27/16 01:27:44] [ERROR] cache_get_value_name_int: field 'pLatchKey' not found
[09/27/16 01:29:27] [ERROR] cache_get_value_name_int: field 'pLatchKey' not found
[09/27/16 01:31:03] [ERROR] cache_get_value_name_int: field 'pLatchKey' not found
[09/27/16 01:31:50] [ERROR] cache_get_value_name_int: field 'pLatchKey' not found
[09/27/16 01:33:41] [ERROR] cache_get_value_name_int: field 'pLatchKey' not found
[09/27/16 01:34:41] [ERROR] cache_get_value_name_int: field 'pLatchKey' not found
[09/27/16 01:37:15] [ERROR] cache_get_value_name_int: field 'pLatchKey' not found
[09/27/16 01:39:32] [ERROR] cache_get_value_name_int: field 'pLatchKey' not found
[09/27/16 01:42:08] [ERROR] cache_get_value_name_int: field 'pLatchKey' not found
[09/27/16 01:44:35] [ERROR] cache_get_value_name_int: field 'pLatchKey' not found
[09/27/16 01:47:01] [ERROR] cache_get_value_name_int: field 'pLatchKey' not found
[09/27/16 01:49:19] [ERROR] cache_get_value_name_int: field 'pLatchKey' not found
[09/30/16 19:46:18] [ERROR] cache_get_value_name_int: field 'pLatchKey' not found
[09/30/16 19:48:24] [ERROR] cache_get_value_name_int: field 'pLatchKey' not found
[09/30/16 19:49:43] [ERROR] cache_get_value_name_int: field 'pLatchKey' not found
[09/30/16 19:51:16] [ERROR] cache_get_value_name_int: field 'pLatchKey' not found
[09/30/16 19:54:04] [ERROR] cache_get_value_name_int: field 'pLatchKey' not found
[09/30/16 19:55:39] [ERROR] cache_get_value_name_int: field 'pLatchKey' not found
[09/30/16 19:57:30] [ERROR] cache_get_value_name_int: field 'pLatchKey' not found
[09/30/16 20:20:09] [ERROR] cache_get_value_name_int: field 'pLatchKey' not found
[09/30/16 20:20:25] [ERROR] cache_get_value_name_int: field 'pLatchKey' not found
[09/30/16 20:21:40] [ERROR] cache_get_value_name_int: field 'pLatchKey' not found
[09/30/16 20:22:26] [ERROR] cache_get_value_name_int: field 'pLatchKey' not found
[09/30/16 20:23:51] [ERROR] cache_get_value_name_int: field 'pLatchKey' not found
[09/30/16 20:24:43] [ERROR] cache_get_value_name_int: field 'pLatchKey' not found
[09/30/16 20:26:40] [ERROR] cache_get_value_name_int: field 'pLatchKey' not found
[09/30/16 20:27:21] [ERROR] cache_get_value_name_int: field 'pLatchKey' not found
[09/30/16 20:28:32] [ERROR] cache_get_value_name_int: field 'pLatchKey' not found
[09/30/16 20:29:52] [ERROR] cache_get_value_name_int: field 'pLatchKey' not found
[09/30/16 20:30:41] [ERROR] cache_get_value_name_int: field 'pLatchKey' not found
[09/30/16 20:32:15] [ERROR] cache_get_value_name_int: field 'pLatchKey' not found
[09/30/16 20:34:13] [ERROR] cache_get_value_name_int: field 'pLatchKey' not found
[09/30/16 20:34:55] [ERROR] cache_get_value_name_int: field 'pLatchKey' not found
[09/30/16 20:36:17] [ERROR] cache_get_value_name_int: field 'pLatchKey' not found
[09/30/16 20:48:11] [ERROR] cache_get_value_name_int: field 'pLatchKey' not found
[09/30/16 20:55:00] [ERROR] cache_get_value_name_int: field 'pLatchKey' not found
[09/30/16 20:57:55] [ERROR] cache_get_value_name_int: field 'pLatchKey' not found
[09/30/16 20:59:31] [ERROR] cache_get_value_name_int: field 'pLatchKey' not found
[09/30/16 21:35:45] [ERROR] cache_get_value_name_int: field 'pLatchKey' not found
[09/30/16 21:49:16] [ERROR] cache_get_value_name_int: field 'pLatchKey' not found
[09/30/16 21:55:16] [ERROR] cache_get_value_name_int: field 'pLatchKey' not found
[10/01/16 03:28:16] [ERROR] cache_get_value_name_int: field 'pLatchKey' not found
[10/01/16 03:46:18] [ERROR] cache_get_value_name_int: field 'pLatchKey' not found
[10/01/16 03:48:30] [ERROR] cache_get_value_name_int: field 'pLatchKey' not found
[10/01/16 03:49:26] [ERROR] cache_get_value_name_int: field 'pLatchKey' not found
[10/01/16 03:54:41] [ERROR] cache_get_value_name_int: field 'pLatchKey' not found
[10/01/16 03:55:58] [ERROR] cache_get_value_name_int: field 'pLatchKey' not found
[10/01/16 03:57:09] [ERROR] cache_get_value_name_int: field 'pLatchKey' not found
[10/01/16 04:04:15] [ERROR] cache_get_value_name_int: field 'pLatchKey' not found
[10/01/16 04:10:44] [ERROR] cache_get_value_name_int: field 'pLatchKey' not found
[10/01/16 04:12:37] [ERROR] cache_get_value_name_int: field 'pLatchKey' not found
[10/01/16 04:14:11] [ERROR] cache_get_value_name_int: field 'pLatchKey' not found
[10/01/16 04:16:15] [ERROR] cache_get_value_name_int: field 'pLatchKey' not found
[10/01/16 04:19:25] [ERROR] cache_get_value_name_int: field 'pLatchKey' not found
[10/01/16 12:03:40] [ERROR] CConnection::CConnection - establishing connection to MySQL database failed: #2003 'Can't connect to MySQL server on 'localhost' (10061)'
[10/01/16 12:03:41] [ERROR] CConnection::CConnection - establishing connection to MySQL database failed: #2003 'Can't connect to MySQL server on 'localhost' (10061)'
[10/01/16 12:03:42] [ERROR] CConnection::CConnection - establishing connection to MySQL database failed: #2003 'Can't connect to MySQL server on 'localhost' (10061)'
[10/01/16 12:03:43] [ERROR] CConnection::CConnection - establishing connection to MySQL database failed: #2003 'Can't connect to MySQL server on 'localhost' (10061)'
[10/01/16 12:05:24] [ERROR] cache_get_value_name_int: field 'pLatchKey' not found
[10/01/16 12:57:37] [ERROR] cache_get_value_name_int: field 'pLatchKey' not found
[10/01/16 12:59:54] [ERROR] cache_get_value_name_int: field 'pLatchKey' not found
[10/01/16 13:03:49] [ERROR] cache_get_value_name_int: field 'pLatchKey' not found
[10/01/16 13:21:01] [ERROR] cache_get_value_name_int: field 'pLatchKey' not found
[10/01/16 13:22:10] [ERROR] cache_get_value_name_int: field 'pLatchKey' not found
[10/01/16 13:24:32] [ERROR] cache_get_value_name_int: field 'pLatchKey' not found
[10/01/16 13:36:59] [ERROR] cache_get_value_name_int: field 'pLatchKey' not found
[10/01/16 14:00:13] [ERROR] x™e
[10/01/16 14:01:11] [ERROR] 8Mt
[10/01/16 14:09:15] [ERROR] °Ї^
[10/01/16 17:17:59] [ERROR] cache_get_value_name_int: invalid row index '0' (number of rows: '0')
[10/01/16 17:17:59] [ERROR] cache_get_value_name: invalid row index '0' (number of rows: '0')
[10/01/16 17:17:59] [ERROR] cache_get_value_name_int: invalid row index '0' (number of rows: '0')
[10/01/16 17:17:59] [ERROR] cache_get_value_name_int: invalid row index '0' (number of rows: '0')
[10/01/16 17:17:59] [ERROR] cache_get_value_name_int: invalid row index '0' (number of rows: '0')
[10/01/16 17:17:59] [ERROR] cache_get_value_name_int: invalid row index '0' (number of rows: '0')
[10/01/16 17:19:20] [ERROR] cache_get_value_name_int: field 'pLatchKey' not found
[10/01/16 17:20:25] [ERROR] cache_get_value_name_int: field 'pLatchKey' not found
[10/01/16 17:22:53] [ERROR] cache_get_value_name_int: field 'pLatchKey' not found
[10/01/16 17:24:54] [ERROR] cache_get_value_name_int: field 'pLatchKey' not found
[10/01/16 17:27:42] [ERROR] cache_get_value_name_int: field 'pLatchKey' not found
[10/01/16 17:28:40] [ERROR] cache_get_value_name_int: field 'pLatchKey' not found
[10/01/16 17:30:10] [ERROR] cache_get_value_name_int: field 'pLatchKey' not found
[10/01/16 17:30:37] [ERROR] cache_get_value_name_int: field 'pLatchKey' not found
[10/02/16 14:34:56] [ERROR] cache_get_value_name_int: field 'pLatchKey' not found
[10/02/16 14:37:16] [ERROR] cache_get_value_name_int: field 'pLatchKey' not found
[10/02/16 14:40:02] [ERROR] cache_get_value_name_int: field 'pLatchKey' not found
[10/02/16 14:40:26] [ERROR] cache_get_value_name_int: field 'pLatchKey' not found
[10/02/16 14:42:29] [ERROR] cache_get_value_name_int: field 'pLatchKey' not found
[10/02/16 14:46:41] [ERROR] cache_get_value_name_int: field 'pLatchKey' not found
[10/02/16 14:50:33] [ERROR] cache_get_value_name_int: field 'pLatchKey' not found
[10/02/16 14:51:49] [ERROR] cache_get_value_name_int: field 'pLatchKey' not found
[10/02/16 15:13:03] [ERROR] cache_get_value_name_int: field 'pLatchKey' not found
[10/02/16 15:18:28] [ERROR] cache_get_value_name_int: field 'pLatchKey' not found
[10/02/16 15:36:23] [ERROR] cache_get_value_name_int: field 'pLatchKey' not found
[10/02/16 15:47:32] [ERROR] cache_get_value_name_int: field 'pLatchKey' not found
[10/02/16 15:48:35] [ERROR] cache_get_value_name_int: field 'pLatchKey' not found
[10/02/16 15:52:20] [ERROR] cache_get_value_name_int: field 'pLatchKey' not found
[10/02/16 16:37:00] [ERROR] cache_get_value_name_int: field 'pLatchKey' not found
[10/02/16 16:45:09] [ERROR] cache_get_value_name_int: field 'pLatchKey' not found
[10/02/16 16:47:56] [ERROR] cache_get_value_name_int: field 'pLatchKey' not found
[10/02/16 17:30:55] [ERROR] cache_get_value_name_int: field 'pLatchKey' not found
[10/02/16 17:31:17] [ERROR] cache_get_value_name_int: field 'pLatchKey' not found
[10/05/16 20:34:56] [ERROR] cache_get_value_name_int: field 'pLatchKey' not found
[10/05/16 20:38:07] [ERROR] cache_get_value_name_int: field 'pLatchKey' not found
[10/05/16 20:41:54] [ERROR] cache_get_value_name_int: field 'pLatchKey' not found
[10/05/16 20:45:53] [ERROR] cache_get_value_name_int: field 'pLatchKey' not found
[10/05/16 20:50:04] [ERROR] cache_get_value_name_int: field 'pLatchKey' not found
[10/05/16 20:53:34] [ERROR] cache_get_value_name_int: field 'pLatchKey' not found
[10/05/16 20:57:11] [ERROR] cache_get_value_name_int: field 'pLatchKey' not found
[10/05/16 20:59:39] [ERROR] cache_get_value_name_int: field 'pLatchKey' not found
[10/05/16 21:01:10] [ERROR] cache_get_value_name_int: field 'pLatchKey' not found
[10/05/16 21:03:03] [ERROR] cache_get_value_name_int: field 'pLatchKey' not found
[10/05/16 21:04:42] [ERROR] cache_get_value_name_int: field 'pLatchKey' not found
[10/05/16 21:07:34] [ERROR] cache_get_value_name_int: field 'pLatchKey' not found
[10/05/16 21:12:38] [ERROR] cache_get_value_name_int: field 'pLatchKey' not found
[10/05/16 21:15:42] [ERROR] cache_get_value_name_int: field 'pLatchKey' not found
[10/05/16 21:19:53] [ERROR] cache_get_value_name_int: field 'pLatchKey' not found
[10/05/16 21:22:46] [ERROR] cache_get_value_name_int: field 'pLatchKey' not found
[10/05/16 21:29:37] [ERROR] cache_get_value_name_int: field 'pLatchKey' not found
[10/05/16 21:32:37] [ERROR] cache_get_value_name_int: field 'pLatchKey' not found
[10/05/16 21:40:42] [ERROR] cache_get_value_name_int: field 'pLatchKey' not found
[10/05/16 21:45:33] [ERROR] cache_get_value_name_int: field 'pLatchKey' not found
[10/05/16 21:45:55] [ERROR] cache_get_value_name_int: field 'pLatchKey' not found
[10/05/16 21:47:23] [ERROR] cache_get_value_name_int: field 'pLatchKey' not found
[10/05/16 21:47:45] [ERROR] cache_get_value_name_int: field 'pLatchKey' not found
[10/05/16 21:52:06] [ERROR] cache_get_value_name_int: field 'pLatchKey' not found
[10/05/16 21:54:15] [ERROR] cache_get_value_name_int: field 'pLatchKey' not found
[10/05/16 21:55:53] [ERROR] cache_get_value_name_int: field 'pLatchKey' not found
[10/05/16 22:01:02] [ERROR] cache_get_value_name_int: field 'pLatchKey' not found
[10/05/16 22:02:36] [ERROR] cache_get_value_name_int: field 'pLatchKey' not found
[10/05/16 22:07:06] [ERROR] cache_get_value_name_int: field 'pLatchKey' not found
[10/05/16 22:10:11] [ERROR] cache_get_value_name_int: field 'pLatchKey' not found
[10/05/16 22:14:20] [ERROR] cache_get_value_name_int: field 'pLatchKey' not found
[10/05/16 22:16:13] [ERROR] cache_get_value_name_int: field 'pLatchKey' not found
[10/05/16 22:20:28] [ERROR] cache_get_value_name_int: field 'pLatchKey' not found
[10/05/16 22:23:14] [ERROR] cache_get_value_name_int: field 'pLatchKey' not found
[10/05/16 22:25:11] [ERROR] cache_get_value_name_int: field 'pLatchKey' not found
[10/05/16 22:26:26] [ERROR] cache_get_value_name_int: field 'pLatchKey' not found
[10/05/16 22:27:06] [ERROR] cache_get_value_name_int: field 'pLatchKey' not found
[10/11/16 20:43:52] [ERROR] cache_get_value_name_int: field 'pLatchKey' not found
[10/11/16 20:44:48] [ERROR] cache_get_value_name_int: field 'pLatchKey' not found
[10/11/16 20:45:45] [ERROR] cache_get_value_name_int: field 'pLatchKey' not found
[10/11/16 20:46:19] [ERROR] cache_get_value_name_int: field 'pLatchKey' not found
[10/11/16 20:48:24] [ERROR] cache_get_value_name_int: field 'pLatchKey' not found
[10/11/16 20:50:20] [ERROR] cache_get_value_name_int: field 'pLatchKey' not found
[10/11/16 20:57:26] [ERROR] cache_get_value_name_int: field 'pLatchKey' not found
[10/11/16 20:58:43] [ERROR] cache_get_value_name_int: field 'pLatchKey' not found
[10/11/16 21:00:12] [ERROR] cache_get_value_name_int: field 'pLatchKey' not found
[10/11/16 21:01:08] [ERROR] cache_get_value_name_int: field 'pLatchKey' not found
[10/11/16 21:04:27] [ERROR] cache_get_value_name_int: field 'pLatchKey' not found
[10/11/16 21:09:37] [ERROR] cache_get_value_name_int: field 'pLatchKey' not found
[10/11/16 21:10:02] [ERROR] cache_get_value_name_int: field 'pLatchKey' not found
[10/19/16 19:25:06] [ERROR] cache_get_value_name_int: field 'pLatchKey' not found
